Caso 1
1841.57
0 49
1 73
2 5
3 73
4 149
5 17
6 51
7 104
8 20
9 17
10 70
11 4
12 127
13 60
14 110
15 90
16 163
17 24
18 72
19 100
20 -1
21 95
22 110
23 60
24 110
25 31
26 -1
27 151
28 171
29 88
30 5
31 160
32 110
33 123
34 194
35 151
36 122
37 187
38 95
39 99
40 183
41 188
42 -1
43 27
44 10
45 63
46 25
47 54
48 48
49 48
50 51
51 27
52 -1
53 111
54 136
55 194
56 112
57 67
58 108
59 188
60 112
61 100
62 138
63 179
64 181
65 53
66 111
67 116
68 77
69 74
70 37
71 132
72 136
73 76
74 35
75 175
76 18
77 48
78 26
79 13
80 38
81 60
82 100
83 79
84 90
85 35
86 20
87 172
88 35
89 175
90 107
91 31
92 196
93 128
94 27
95 185
96 117
97 13
98 99
99 49
100 168
101 63
102 27
103 184
104 80
105 181
106 114
107 97
108 128
109 187
110 64
111 136
112 4
113 193
114 92
115 128
116 72
117 28
118 60
119 49
120 75
121 48
122 155
123 170
124 38
125 70
126 72
127 193
128 137
129 163
130 187
131 28
132 32
133 171
134 53
135 7
136 97
137 49
138 195
139 172
140 88
141 27
142 60
143 119
144 48
145 88
146 35
147 85
148 163
149 155
150 62
151 163
152 175
153 79
154 119
155 18
156 83
157 36
158 27
159 13
160 116
161 183
162 123
163 188
164 173
165 8
166 153
167 48
168 196
169 117
170 26
171 36
172 163
173 104
174 19
175 61
176 172
177 -1
178 121
179 132
180 178
181 111
182 117
183 125
184 98
185 64
186 171
187 170
188 135
189 31
190 37
191 119
192 129
193 116
194 188
195 32
196 125
197 -1
198 110
199 170
200 106
201 90
202 85
203 176
204 27
205 137
206 162
207 166
208 193
209 65
210 85
211 98
212 116
213 140
214 170
215 20
216 149
217 136
218 98
219 32
220 48
221 151
222 179
223 8
224 83
225 16
226 98
227 175
228 44
229 181
230 192
231 99
232 161
233 160
234 168
235 81
236 58
237 87
238 97
239 196
240 181
241 32
242 65
243 166
244 26
245 11
246 112
247 144
248 130
249 27
250 81
251 183
252 170
253 137
254 98
255 169
256 62
257 163
258 60
259 112
260 188
261 11
262 90
263 63
264 -1
265 9
266 149
267 149
268 181
269 35
270 100
271 25
272 188
273 37
274 91
275 32
276 149
277 178
278 155
279 99
280 27
281 143
282 83
283 173
284 172
285 111
286 136
287 100
288 155
289 85
290 149
291 154
292 23
293 4
294 90
295 38
296 187
297 79
298 7
299 13
300 32
301 32
302 70
303 34
304 104
305 186
306 171
307 49
308 151
309 149
310 69
311 168
312 181
313 185
314 116
315 171
316 74
317 21
318 170
319 127
320 136
321 136
322 120
323 134
324 49
325 143
326 92
327 130
328 8
329 1
330 53
331 136
332 117
333 163
334 179
335 -1
336 -1
337 175
338 136
339 95
340 85
341 4
342 64
343 114
344 58
345 116
346 168
347 104
348 150
349 79
350 116
351 3
352 144
353 176
354 79
355 168
356 106
357 31
358 70
359 80
360 124
361 47
362 100
363 -1
364 4
365 163
366 53
367 183
368 128
369 53
370 116
371 183
372 48
373 78
374 90
375 7
376 35
377 1
378 127
379 49
380 112
381 38
382 72
383 158
384 114
385 170
386 128
387 50
388 172
389 151
390 149
391 171
392 42
393 171
394 196
395 10
396 36
397 114
398 137
399 136
400 175
401 127
402 163
403 183
404 -1
405 35
406 7
407 51
408 60
409 24
410 74
411 61
412 108
413 73
414 47
415 18
416 30
417 188
418 30
419 143
420 71
421 98
422 188
423 104
424 175
425 170
426 185
427 109
428 44
429 64
430 170
431 49
432 90
433 72
434 121
435 53
436 136
437 27
438 31
439 124
440 76
441 90
442 88
443 149
444 178
445 71
446 129
447 188
448 155
449 155
450 151
451 77
452 187
453 179
454 36
455 85
456 163
457 170
458 177
459 74
460 26
461 28
462 176
463 96
464 184
465 85
466 183
467 5
468 136
469 144
470 31
471 173
472 170
473 47
474 95
475 104
476 184
477 44
478 136
479 109
480 183
481 88
482 26
483 24
484 31
485 44
486 122
487 17
488 144
489 31
490 136
491 111
492 31
493 -1
494 60
495 116
496 197
497 58
498 90
499 1
500 187
501 43
502 110
503 98
504 77
505 17
506 172
507 95
508 36
509 63
510 100
511 163
512 51
513 163
514 185
515 155
516 51
517 116
518 111
519 144
520 48
521 151
522 178
523 112
524 127
525 44
526 143
527 53
528 79
529 69
530 -1
531 116
532 74
533 32
534 117
535 155
536 44
537 77
538 160
539 179
540 96
541 7
542 134
543 127
544 51
545 49
546 8
547 119
548 1
549 170
550 4
551 111
552 70
553 114
554 112
555 151
556 128
557 51
558 35
559 27
560 36
561 127
562 58
563 181
564 49
565 175
566 85
567 98
568 104
569 98
570 163
571 187
572 64
573 189
574 98
575 48
576 71
577 154
578 13
579 4
580 48
581 55
582 154
583 20
584 155
585 51
586 187
587 -1
588 65
589 71
590 48
591 18
592 7
593 151
594 187
595 32
596 128
597 179
598 44
599 31
600 185
601 49
602 35
603 196
604 47
605 25
606 25
607 70
608 17
609 81
610 116
611 185
612 188
613 48
614 181
615 143
616 25
617 125
618 179
619 37
620 80
621 8
622 159
623 186
624 23
625 151
626 151
627 74
628 187
629 129
630 81
631 163
632 127
633 77
634 145
635 163
636 48
637 158
638 -1
639 7
640 136
641 116
642 185
643 63
644 59
645 4
646 53
647 90
648 31
649 184
650 178
651 144
652 51
653 110
654 97
655 83
656 85
657 193
658 175
659 -1
660 188
661 90
662 104
663 136
664 24
665 128
666 149
667 47
668 127
669 108
670 191
671 51
672 127
673 35
674 48
675 90
676 47
677 155
678 104
679 7
680 -1
681 32
682 69
683 151
684 107
685 175
686 110
687 49
688 103
689 20
690 187
691 98
692 179
693 116
694 63
695 98
696 112
697 149
698 149
699 185
700 60
701 4
702 122
703 137
704 136
705 90
706 175
707 127
708 27
709 111
710 25
711 -1
712 -1
713 158
714 48
715 151
716 79
717 51
718 28
719 98
720 172
721 151
722 43
723 188
724 63
725 172
726 36
727 188
728 47
729 5
730 24
731 104
732 111
733 71
734 139
735 17
736 171
737 173
738 95
739 117
740 26
741 9
742 160
743 83
744 117
745 192
746 175
747 181
748 128
749 162
750 73
751 149
752 31
753 154
754 127
755 128
756 156
757 102
758 13
759 106
760 184
761 81
762 23
763 196
764 17
765 122
766 54
767 93
768 121
769 168
770 137
771 64
772 103
773 107
774 187
775 131
776 32
777 27
778 7
779 174
780 116
781 19
782 132
783 60
784 156
785 77
786 155
787 71
788 69
789 95
790 104
791 49
792 111
793 181
794 127
795 27
796 83
797 112
798 151
799 64
800 158
801 88
802 38
803 1
804 51
805 168
806 78
807 48
808 53
809 31
810 116
811 95
812 100
813 135
814 22
815 18
816 54
817 110
818 139
819 155
820 106
821 154
822 154
823 155
824 90
825 40
826 144
827 1
828 194
829 44
830 4
831 178
832 71
833 36
834 98
835 -1
836 49
837 111
838 116
839 129
840 136
841 171
842 86
843 110
844 87
845 23
846 72
847 4
848 -1
849 48
850 106
851 98
852 17
853 4
854 36
855 175
856 175
857 106
858 90
859 74
860 178
861 171
862 49
863 136
864 129
865 48
866 20
867 129
868 162
869 127
870 20
871 111
872 150
873 172
874 49
875 129
876 90
877 20
878 155
879 127
880 74
881 198
882 154
883 107
884 175
885 171
886 35
887 155
888 99
889 104
890 124
891 70
892 184
893 47
894 188
895 181
896 20
897 114
898 110
899 27
900 83
901 171
902 185
903 170
904 121
905 114
906 -1
907 51
908 53
909 158
910 117
911 18
912 104
913 15
914 70
915 180
916 199
917 127
918 35
919 160
920 24
921 163
922 90
923 -1
924 163
925 155
926 102
927 26
928 161
929 70
930 99
931 23
932 27
933 37
934 22
935 184
936 162
937 171
938 20
939 110
940 158
941 145
942 18
943 51
944 127
945 44
946 80
947 46
948 98
949 144
950 4
951 10
952 4
953 120
954 128
955 90
956 184
957 7
958 47
959 110
960 99
961 122
962 143
963 47
964 151
965 58
966 121
967 71
968 162
969 17
970 146
971 71
972 26
973 90
974 60
975 71
976 60
977 104
978 53
979 149
980 63
981 64
982 172
983 99
984 154
985 185
986 73
987 63
988 163
989 158
990 26
991 108
992 181
993 155
994 184
995 48
996 69
997 27
998 143
999 172
